Using pre-set license
Built from '2020.2/staging' branch; Version is '2020.2.7f1 (c53830e277f1) revision 12924976'; Using compiler version '192528614'; Build Type 'Release'
OS: 'Windows 10 Pro; OS build 19041.867; Version 2004; 64bit' Language: 'da' Physical Memory: 6081 MB
BatchMode: 1, IsHumanControllingUs: 0, StartBugReporterOnCrash: 0, Is64bit: 1, IsPro: 0

 COMMAND LINE ARGUMENTS:
C:\Program Files\Unity\Hub\Editor\2020.2.7f1\Editor\Unity.exe
-adb2
-batchMode
-noUpm
-name
AssetImportWorker0
-projectPath
C:/Users/David/Documents/GamedevOpgaver/flow2handin
-logFile
Logs/AssetImportWorker0.log
-srvPort
52661
Successfully changed project path to: C:/Users/David/Documents/GamedevOpgaver/flow2handin
C:/Users/David/Documents/GamedevOpgaver/flow2handin
Using Asset Import Pipeline V2.
Refreshing native plugins compatible for Editor in 31.81 ms, found 0 plugins.
Preloading 0 native plugins for Editor in 0.00 ms.
Initialize engine version: 2020.2.7f1 (c53830e277f1)
[Subsystems] Discovering subsystems at path C:/Program Files/Unity/Hub/Editor/2020.2.7f1/Editor/Data/Resources/UnitySubsystems
[Subsystems] Discovering subsystems at path C:/Users/David/Documents/GamedevOpgaver/flow2handin/Assets
GfxDevice: creating device client; threaded=0
Direct3D:
    Version:  Direct3D 11.0 [level 11.1]
    Renderer: NVIDIA GeForce GTX 1650 (ID=0x1f91)
    Vendor:   
    VRAM:     3962 MB
    Driver:   26.21.14.4614
Initialize mono
Mono path[0] = 'C:/Program Files/Unity/Hub/Editor/2020.2.7f1/Editor/Data/Managed'
Mono path[1] = 'C:/Program Files/Unity/Hub/Editor/2020.2.7f1/Editor/Data/MonoBleedingEdge/lib/mono/unityjit'
Mono config path = 'C:/Program Files/Unity/Hub/Editor/2020.2.7f1/Editor/Data/MonoBleedingEdge/etc'
Using monoOptions --debugger-agent=transport=dt_socket,embedding=1,server=y,suspend=n,address=127.0.0.1:56680
Begin MonoManager ReloadAssembly
Registering precompiled unity dll's ...
Register platform support module: C:/Program Files/Unity/Hub/Editor/2020.2.7f1/Editor/Data/PlaybackEngines/WindowsStandaloneSupport/UnityEditor.WindowsStandalone.Extensions.dll
Registered in 0.002342 seconds.
Native extension for WindowsStandalone target not found
Refreshing native plugins compatible for Editor in 30.81 ms, found 0 plugins.
Preloading 0 native plugins for Editor in 0.00 ms.
Invoked RoslynAnalysisRunner static constructor.
RoslynAnalysisRunner will not be running.
RoslynAnalysisRunner has terminated.
Mono: successfully reloaded assembly
- Completed reload, in  2.205 seconds
Platform modules already initialized, skipping
Registering precompiled user dll's ...
Registered in 0.000942 seconds.
Begin MonoManager ReloadAssembly
Native extension for WindowsStandalone target not found
Refreshing native plugins compatible for Editor in 0.29 ms, found 0 plugins.
Preloading 0 native plugins for Editor in 0.00 ms.
Invoked RoslynAnalysisRunner static constructor.
RoslynAnalysisRunner will not be running.
RoslynAnalysisRunner has terminated.
Mono: successfully reloaded assembly
- Completed reload, in  1.054 seconds
Platform modules already initialized, skipping
========================================================================
Worker process is ready to serve import requests
Launched and connected shader compiler UnityShaderCompiler.exe after 0.05 seconds
Refreshing native plugins compatible for Editor in 0.31 ms, found 0 plugins.
Preloading 0 native plugins for Editor in 0.00 ms.
Unloading 1175 Unused Serialized files (Serialized files now loaded: 0)
System memory in use before: 60.5 MB.
System memory in use after: 60.6 MB.

Unloading 9 unused Assets to reduce memory usage. Loaded Objects now: 1621.
Total: 2.733000 ms (FindLiveObjects: 0.247200 ms CreateObjectMapping: 0.045400 ms MarkObjects: 2.323200 ms  DeleteObjects: 0.114400 ms)

========================================================================
Received Import Request.
  path: Assets/Prefabs/NPC.prefab
  artifactKey: Guid(b91bef944e7cc0e4fbb90eeb2ad0e47e) Importer(815301076,1909f56bfc062723c751e8b465ee728b)
Start importing Assets/Prefabs/NPC.prefab using Guid(b91bef944e7cc0e4fbb90eeb2ad0e47e) Importer(815301076,1909f56bfc062723c751e8b465ee728b)  -> (artifact id: '81c5ffc0cc118f7d26cf69412354fe5d') in 0.233223 seconds
  Import took 0.237435 seconds .

========================================================================
Received Import Request.
  Time since last request: 0.000334 seconds.
  path: Assets/Prefabs/NPC_AI.prefab
  artifactKey: Guid(8876c804b1674ec4982723a08e92b7a3) Importer(815301076,1909f56bfc062723c751e8b465ee728b)
Start importing Assets/Prefabs/NPC_AI.prefab using Guid(8876c804b1674ec4982723a08e92b7a3) Importer(815301076,1909f56bfc062723c751e8b465ee728b)  -> (artifact id: 'e2aec6803281879d86e9aaf8c5f09098') in 0.059074 seconds
  Import took 0.062706 seconds .

========================================================================
Received Import Request.
  Time since last request: 0.154632 seconds.
  path: Assets/Prefabs/NPC_Ragdoll.prefab
  artifactKey: Guid(5f2828556b21da545b3d1062d796d206) Importer(815301076,1909f56bfc062723c751e8b465ee728b)
Start importing Assets/Prefabs/NPC_Ragdoll.prefab using Guid(5f2828556b21da545b3d1062d796d206) Importer(815301076,1909f56bfc062723c751e8b465ee728b)  -> (artifact id: '15f0839dd79d3614daac3d50e6bd23db') in 0.051293 seconds
  Import took 0.054918 seconds .

========================================================================
Received Import Request.
  Time since last request: 620.335567 seconds.
  path: Assets/Scripts/EnemyController.cs
  artifactKey: Guid(7457d622c787c264198a4f29e9c7f75c) Importer(815301076,1909f56bfc062723c751e8b465ee728b)
Start importing Assets/Scripts/EnemyController.cs using Guid(7457d622c787c264198a4f29e9c7f75c) Importer(815301076,1909f56bfc062723c751e8b465ee728b)  -> (artifact id: 'a3ceed58fdedc62a000c34242145c1a2') in 0.036995 seconds
  Import took 0.039740 seconds .

AssetImportWorkerClient::OnTransportError - code=2 error=End of file
